Build output check failed:
    Regex: 'argument .* is not valid'
    Output line: 'cc1: warning: ‘-Werror=’ argument ‘-Werror=non-virtual-dtor’ is not valid for C'
Compilation failed:
    source file: '/home/chikara/c++/opencv-4.5.5/OpenCV_Cppstudy/CMakeFiles/CMakeTmp/src.c'
    check option: ' -fsigned-char -W -Wall -Werror=return-type  -Werror=non-virtual-dtor'
===== BUILD LOG =====
Change Dir: /home/chikara/c++/opencv-4.5.5/OpenCV_Cppstudy/CMakeFiles/CMakeTmp

Run Build Command(s):/usr/bin/make cmTC_14ee4/fast && /usr/bin/make -f CMakeFiles/cmTC_14ee4.dir/build.make CMakeFiles/cmTC_14ee4.dir/build
make[1]: ディレクトリ '/home/chikara/c++/opencv-4.5.5/OpenCV_Cppstudy/CMakeFiles/CMakeTmp' に入ります
Building C object CMakeFiles/cmTC_14ee4.dir/src.c.o
/usr/bin/cc   -O3 -DNDEBUG -fPIE    -fsigned-char -W -Wall -Werror=return-type  -Werror=non-virtual-dtor -o CMakeFiles/cmTC_14ee4.dir/src.c.o   -c /home/chikara/c++/opencv-4.5.5/OpenCV_Cppstudy/CMakeFiles/CMakeTmp/src.c
cc1: warning: ‘-Werror=’ argument ‘-Werror=non-virtual-dtor’ is not valid for C
/home/chikara/c++/opencv-4.5.5/OpenCV_Cppstudy/CMakeFiles/CMakeTmp/src.c:1: warning: ignoring #pragma   [-Wunknown-pragmas]
    1 | #pragma
      | 
Linking C executable cmTC_14ee4
/usr/bin/cmake -E cmake_link_script CMakeFiles/cmTC_14ee4.dir/link.txt --verbose=1
/usr/bin/cc   -O3 -DNDEBUG    CMakeFiles/cmTC_14ee4.dir/src.c.o  -o cmTC_14ee4 
make[1]: ディレクトリ '/home/chikara/c++/opencv-4.5.5/OpenCV_Cppstudy/CMakeFiles/CMakeTmp' から出ます


===== END =====

Build output check failed:
    Regex: 'command[- ]line option .* is valid for .* but not for C\+\+'
    Output line: 'cc1plus: warning: command line option ‘-Wmissing-prototypes’ is valid for C/ObjC but not for C++'
Compilation failed:
    source file: '/home/chikara/c++/opencv-4.5.5/OpenCV_Cppstudy/CMakeFiles/CMakeTmp/src.cxx'
    check option: ' -fsigned-char -W -Wall -Werror=return-type -Werror=non-virtual-dtor -Werror=address -Werror=sequence-point -Wformat -Werror=format-security -Wmissing-declarations  -Wmissing-prototypes'
===== BUILD LOG =====
Change Dir: /home/chikara/c++/opencv-4.5.5/OpenCV_Cppstudy/CMakeFiles/CMakeTmp

Run Build Command(s):/usr/bin/make cmTC_c04c7/fast && /usr/bin/make -f CMakeFiles/cmTC_c04c7.dir/build.make CMakeFiles/cmTC_c04c7.dir/build
make[1]: ディレクトリ '/home/chikara/c++/opencv-4.5.5/OpenCV_Cppstudy/CMakeFiles/CMakeTmp' に入ります
Building CXX object CMakeFiles/cmTC_c04c7.dir/src.cxx.o
/usr/bin/c++    -O3 -DNDEBUG -fPIE    -fsigned-char -W -Wall -Werror=return-type -Werror=non-virtual-dtor -Werror=address -Werror=sequence-point -Wformat -Werror=format-security -Wmissing-declarations  -Wmissing-prototypes -std=c++11 -o CMakeFiles/cmTC_c04c7.dir/src.cxx.o -c /home/chikara/c++/opencv-4.5.5/OpenCV_Cppstudy/CMakeFiles/CMakeTmp/src.cxx
cc1plus: warning: command line option ‘-Wmissing-prototypes’ is valid for C/ObjC but not for C++
/home/chikara/c++/opencv-4.5.5/OpenCV_Cppstudy/CMakeFiles/CMakeTmp/src.cxx:1: warning: ignoring #pragma   [-Wunknown-pragmas]
    1 | #pragma
      | 
Linking CXX executable cmTC_c04c7
/usr/bin/cmake -E cmake_link_script CMakeFiles/cmTC_c04c7.dir/link.txt --verbose=1
/usr/bin/c++    -O3 -DNDEBUG    CMakeFiles/cmTC_c04c7.dir/src.cxx.o  -o cmTC_c04c7 
make[1]: ディレクトリ '/home/chikara/c++/opencv-4.5.5/OpenCV_Cppstudy/CMakeFiles/CMakeTmp' から出ます


===== END =====

Build output check failed:
    Regex: 'command[- ]line option .* is valid for .* but not for C\+\+'
    Output line: 'cc1plus: warning: command line option ‘-Wstrict-prototypes’ is valid for C/ObjC but not for C++'
Compilation failed:
    source file: '/home/chikara/c++/opencv-4.5.5/OpenCV_Cppstudy/CMakeFiles/CMakeTmp/src.cxx'
    check option: ' -fsigned-char -W -Wall -Werror=return-type -Werror=non-virtual-dtor -Werror=address -Werror=sequence-point -Wformat -Werror=format-security -Wmissing-declarations  -Wstrict-prototypes'
===== BUILD LOG =====
Change Dir: /home/chikara/c++/opencv-4.5.5/OpenCV_Cppstudy/CMakeFiles/CMakeTmp

Run Build Command(s):/usr/bin/make cmTC_090b8/fast && /usr/bin/make -f CMakeFiles/cmTC_090b8.dir/build.make CMakeFiles/cmTC_090b8.dir/build
make[1]: ディレクトリ '/home/chikara/c++/opencv-4.5.5/OpenCV_Cppstudy/CMakeFiles/CMakeTmp' に入ります
Building CXX object CMakeFiles/cmTC_090b8.dir/src.cxx.o
/usr/bin/c++    -O3 -DNDEBUG -fPIE    -fsigned-char -W -Wall -Werror=return-type -Werror=non-virtual-dtor -Werror=address -Werror=sequence-point -Wformat -Werror=format-security -Wmissing-declarations  -Wstrict-prototypes -std=c++11 -o CMakeFiles/cmTC_090b8.dir/src.cxx.o -c /home/chikara/c++/opencv-4.5.5/OpenCV_Cppstudy/CMakeFiles/CMakeTmp/src.cxx
cc1plus: warning: command line option ‘-Wstrict-prototypes’ is valid for C/ObjC but not for C++
/home/chikara/c++/opencv-4.5.5/OpenCV_Cppstudy/CMakeFiles/CMakeTmp/src.cxx:1: warning: ignoring #pragma   [-Wunknown-pragmas]
    1 | #pragma
      | 
Linking CXX executable cmTC_090b8
/usr/bin/cmake -E cmake_link_script CMakeFiles/cmTC_090b8.dir/link.txt --verbose=1
/usr/bin/c++    -O3 -DNDEBUG    CMakeFiles/cmTC_090b8.dir/src.cxx.o  -o cmTC_090b8 
make[1]: ディレクトリ '/home/chikara/c++/opencv-4.5.5/OpenCV_Cppstudy/CMakeFiles/CMakeTmp' から出ます


===== END =====

Build output check failed:
    Regex: 'command[- ]line option .* is valid for .* but not for C'
    Output line: 'cc1: warning: command line option ‘-Wsign-promo’ is valid for C++/ObjC++ but not for C'
Compilation failed:
    source file: '/home/chikara/c++/opencv-4.5.5/OpenCV_Cppstudy/CMakeFiles/CMakeTmp/src.c'
    check option: ' -fsigned-char -W -Wall -Werror=return-type -Werror=address -Werror=sequence-point -Wformat -Werror=format-security -Wmissing-declarations -Wmissing-prototypes -Wstrict-prototypes -Wundef -Winit-self -Wpointer-arith -Wshadow  -Wsign-promo'
===== BUILD LOG =====
Change Dir: /home/chikara/c++/opencv-4.5.5/OpenCV_Cppstudy/CMakeFiles/CMakeTmp

Run Build Command(s):/usr/bin/make cmTC_d50d8/fast && /usr/bin/make -f CMakeFiles/cmTC_d50d8.dir/build.make CMakeFiles/cmTC_d50d8.dir/build
make[1]: ディレクトリ '/home/chikara/c++/opencv-4.5.5/OpenCV_Cppstudy/CMakeFiles/CMakeTmp' に入ります
Building C object CMakeFiles/cmTC_d50d8.dir/src.c.o
/usr/bin/cc   -O3 -DNDEBUG -fPIE    -fsigned-char -W -Wall -Werror=return-type -Werror=address -Werror=sequence-point -Wformat -Werror=format-security -Wmissing-declarations -Wmissing-prototypes -Wstrict-prototypes -Wundef -Winit-self -Wpointer-arith -Wshadow  -Wsign-promo -o CMakeFiles/cmTC_d50d8.dir/src.c.o   -c /home/chikara/c++/opencv-4.5.5/OpenCV_Cppstudy/CMakeFiles/CMakeTmp/src.c
cc1: warning: command line option ‘-Wsign-promo’ is valid for C++/ObjC++ but not for C
/home/chikara/c++/opencv-4.5.5/OpenCV_Cppstudy/CMakeFiles/CMakeTmp/src.c:1: warning: ignoring #pragma   [-Wunknown-pragmas]
    1 | #pragma
      | 
Linking C executable cmTC_d50d8
/usr/bin/cmake -E cmake_link_script CMakeFiles/cmTC_d50d8.dir/link.txt --verbose=1
/usr/bin/cc   -O3 -DNDEBUG    CMakeFiles/cmTC_d50d8.dir/src.c.o  -o cmTC_d50d8 
make[1]: ディレクトリ '/home/chikara/c++/opencv-4.5.5/OpenCV_Cppstudy/CMakeFiles/CMakeTmp' から出ます


===== END =====

Build output check failed:
    Regex: 'argument .* is not valid'
    Output line: 'cc1: warning: ‘-Werror=’ argument ‘-Werror=non-virtual-dtor’ is not valid for C'
Compilation failed:
    source file: '/home/chikara/c++/opencv-4.5.5/OpenCV_Cppstudy/CMakeFiles/CMakeTmp/src.c'
    check option: ' -fsigned-char -W -Wall -Werror=return-type  -Werror=non-virtual-dtor'
===== BUILD LOG =====
Change Dir: /home/chikara/c++/opencv-4.5.5/OpenCV_Cppstudy/CMakeFiles/CMakeTmp

Run Build Command(s):/usr/bin/make cmTC_a36b1/fast && /usr/bin/make -f CMakeFiles/cmTC_a36b1.dir/build.make CMakeFiles/cmTC_a36b1.dir/build
make[1]: ディレクトリ '/home/chikara/c++/opencv-4.5.5/OpenCV_Cppstudy/CMakeFiles/CMakeTmp' に入ります
Building C object CMakeFiles/cmTC_a36b1.dir/src.c.o
/usr/bin/cc   -O3 -DNDEBUG -fPIE    -fsigned-char -W -Wall -Werror=return-type  -Werror=non-virtual-dtor -o CMakeFiles/cmTC_a36b1.dir/src.c.o   -c /home/chikara/c++/opencv-4.5.5/OpenCV_Cppstudy/CMakeFiles/CMakeTmp/src.c
cc1: warning: ‘-Werror=’ argument ‘-Werror=non-virtual-dtor’ is not valid for C
/home/chikara/c++/opencv-4.5.5/OpenCV_Cppstudy/CMakeFiles/CMakeTmp/src.c:1: warning: ignoring #pragma   [-Wunknown-pragmas]
    1 | #pragma
      | 
Linking C executable cmTC_a36b1
/usr/bin/cmake -E cmake_link_script CMakeFiles/cmTC_a36b1.dir/link.txt --verbose=1
/usr/bin/cc   -O3 -DNDEBUG    CMakeFiles/cmTC_a36b1.dir/src.c.o  -o cmTC_a36b1 
make[1]: ディレクトリ '/home/chikara/c++/opencv-4.5.5/OpenCV_Cppstudy/CMakeFiles/CMakeTmp' から出ます


===== END =====

Build output check failed:
    Regex: 'argument .* is not valid'
    Output line: 'cc1: warning: ‘-Werror=’ argument ‘-Werror=non-virtual-dtor’ is not valid for C'
Compilation failed:
    source file: '/home/chikara/c++/opencv-4.5.5/OpenCV_Cppstudy/CMakeFiles/CMakeTmp/src.c'
    check option: ' -fsigned-char -W -Wall -Werror=return-type  -Werror=non-virtual-dtor'
===== BUILD LOG =====
Change Dir: /home/chikara/c++/opencv-4.5.5/OpenCV_Cppstudy/CMakeFiles/CMakeTmp

Run Build Command(s):/usr/bin/make cmTC_16bb2/fast && /usr/bin/make -f CMakeFiles/cmTC_16bb2.dir/build.make CMakeFiles/cmTC_16bb2.dir/build
make[1]: ディレクトリ '/home/chikara/c++/opencv-4.5.5/OpenCV_Cppstudy/CMakeFiles/CMakeTmp' に入ります
Building C object CMakeFiles/cmTC_16bb2.dir/src.c.o
/usr/bin/cc   -O3 -DNDEBUG -fPIE    -fsigned-char -W -Wall -Werror=return-type  -Werror=non-virtual-dtor -o CMakeFiles/cmTC_16bb2.dir/src.c.o   -c /home/chikara/c++/opencv-4.5.5/OpenCV_Cppstudy/CMakeFiles/CMakeTmp/src.c
cc1: warning: ‘-Werror=’ argument ‘-Werror=non-virtual-dtor’ is not valid for C
/home/chikara/c++/opencv-4.5.5/OpenCV_Cppstudy/CMakeFiles/CMakeTmp/src.c:1: warning: ignoring #pragma   [-Wunknown-pragmas]
    1 | #pragma
      | 
Linking C executable cmTC_16bb2
/usr/bin/cmake -E cmake_link_script CMakeFiles/cmTC_16bb2.dir/link.txt --verbose=1
/usr/bin/cc   -O3 -DNDEBUG    CMakeFiles/cmTC_16bb2.dir/src.c.o  -o cmTC_16bb2 
make[1]: ディレクトリ '/home/chikara/c++/opencv-4.5.5/OpenCV_Cppstudy/CMakeFiles/CMakeTmp' から出ます


===== END =====

Build output check failed:
    Regex: 'argument .* is not valid'
    Output line: 'cc1: warning: ‘-Werror=’ argument ‘-Werror=non-virtual-dtor’ is not valid for C'
Compilation failed:
    source file: '/home/chikara/c++/opencv-4.5.5/OpenCV_Cppstudy/CMakeFiles/CMakeTmp/src.c'
    check option: ' -fsigned-char -W -Wall -Werror=return-type  -Werror=non-virtual-dtor'
===== BUILD LOG =====
Change Dir: /home/chikara/c++/opencv-4.5.5/OpenCV_Cppstudy/CMakeFiles/CMakeTmp

Run Build Command(s):/usr/bin/make cmTC_e82bd/fast && /usr/bin/make -f CMakeFiles/cmTC_e82bd.dir/build.make CMakeFiles/cmTC_e82bd.dir/build
make[1]: ディレクトリ '/home/chikara/c++/opencv-4.5.5/OpenCV_Cppstudy/CMakeFiles/CMakeTmp' に入ります
Building C object CMakeFiles/cmTC_e82bd.dir/src.c.o
/usr/bin/cc   -O3 -DNDEBUG -fPIE    -fsigned-char -W -Wall -Werror=return-type  -Werror=non-virtual-dtor -o CMakeFiles/cmTC_e82bd.dir/src.c.o   -c /home/chikara/c++/opencv-4.5.5/OpenCV_Cppstudy/CMakeFiles/CMakeTmp/src.c
cc1: warning: ‘-Werror=’ argument ‘-Werror=non-virtual-dtor’ is not valid for C
/home/chikara/c++/opencv-4.5.5/OpenCV_Cppstudy/CMakeFiles/CMakeTmp/src.c:1: warning: ignoring #pragma   [-Wunknown-pragmas]
    1 | #pragma
      | 
Linking C executable cmTC_e82bd
/usr/bin/cmake -E cmake_link_script CMakeFiles/cmTC_e82bd.dir/link.txt --verbose=1
/usr/bin/cc   -O3 -DNDEBUG    CMakeFiles/cmTC_e82bd.dir/src.c.o  -o cmTC_e82bd 
make[1]: ディレクトリ '/home/chikara/c++/opencv-4.5.5/OpenCV_Cppstudy/CMakeFiles/CMakeTmp' から出ます


===== END =====

Build output check failed:
    Regex: 'argument .* is not valid'
    Output line: 'cc1: warning: ‘-Werror=’ argument ‘-Werror=non-virtual-dtor’ is not valid for C'
Compilation failed:
    source file: '/home/chikara/c++/opencv-4.5.5/OpenCV_Cppstudy/CMakeFiles/CMakeTmp/src.c'
    check option: ' -fsigned-char -W -Wall -Werror=return-type  -Werror=non-virtual-dtor'
===== BUILD LOG =====
Change Dir: /home/chikara/c++/opencv-4.5.5/OpenCV_Cppstudy/CMakeFiles/CMakeTmp

Run Build Command(s):/usr/bin/make cmTC_c6999/fast && /usr/bin/make -f CMakeFiles/cmTC_c6999.dir/build.make CMakeFiles/cmTC_c6999.dir/build
make[1]: ディレクトリ '/home/chikara/c++/opencv-4.5.5/OpenCV_Cppstudy/CMakeFiles/CMakeTmp' に入ります
Building C object CMakeFiles/cmTC_c6999.dir/src.c.o
/usr/bin/cc   -O3 -DNDEBUG -fPIE    -fsigned-char -W -Wall -Werror=return-type  -Werror=non-virtual-dtor -o CMakeFiles/cmTC_c6999.dir/src.c.o   -c /home/chikara/c++/opencv-4.5.5/OpenCV_Cppstudy/CMakeFiles/CMakeTmp/src.c
cc1: warning: ‘-Werror=’ argument ‘-Werror=non-virtual-dtor’ is not valid for C
/home/chikara/c++/opencv-4.5.5/OpenCV_Cppstudy/CMakeFiles/CMakeTmp/src.c:1: warning: ignoring #pragma   [-Wunknown-pragmas]
    1 | #pragma
      | 
Linking C executable cmTC_c6999
/usr/bin/cmake -E cmake_link_script CMakeFiles/cmTC_c6999.dir/link.txt --verbose=1
/usr/bin/cc   -O3 -DNDEBUG    CMakeFiles/cmTC_c6999.dir/src.c.o  -o cmTC_c6999 
make[1]: ディレクトリ '/home/chikara/c++/opencv-4.5.5/OpenCV_Cppstudy/CMakeFiles/CMakeTmp' から出ます


===== END =====

Build output check failed:
    Regex: 'argument .* is not valid'
    Output line: 'cc1: warning: ‘-Werror=’ argument ‘-Werror=non-virtual-dtor’ is not valid for C'
Compilation failed:
    source file: '/home/chikara/c++/opencv-4.5.5/OpenCV_Cppstudy/CMakeFiles/CMakeTmp/src.c'
    check option: ' -fsigned-char -W -Wall -Werror=return-type  -Werror=non-virtual-dtor'
===== BUILD LOG =====
Change Dir: /home/chikara/c++/opencv-4.5.5/OpenCV_Cppstudy/CMakeFiles/CMakeTmp

Run Build Command(s):/usr/bin/make cmTC_7ee2b/fast && /usr/bin/make -f CMakeFiles/cmTC_7ee2b.dir/build.make CMakeFiles/cmTC_7ee2b.dir/build
make[1]: ディレクトリ '/home/chikara/c++/opencv-4.5.5/OpenCV_Cppstudy/CMakeFiles/CMakeTmp' に入ります
Building C object CMakeFiles/cmTC_7ee2b.dir/src.c.o
/usr/bin/cc   -O3 -DNDEBUG -fPIE    -fsigned-char -W -Wall -Werror=return-type  -Werror=non-virtual-dtor -o CMakeFiles/cmTC_7ee2b.dir/src.c.o   -c /home/chikara/c++/opencv-4.5.5/OpenCV_Cppstudy/CMakeFiles/CMakeTmp/src.c
cc1: warning: ‘-Werror=’ argument ‘-Werror=non-virtual-dtor’ is not valid for C
/home/chikara/c++/opencv-4.5.5/OpenCV_Cppstudy/CMakeFiles/CMakeTmp/src.c:1: warning: ignoring #pragma   [-Wunknown-pragmas]
    1 | #pragma
      | 
Linking C executable cmTC_7ee2b
/usr/bin/cmake -E cmake_link_script CMakeFiles/cmTC_7ee2b.dir/link.txt --verbose=1
/usr/bin/cc   -O3 -DNDEBUG    CMakeFiles/cmTC_7ee2b.dir/src.c.o  -o cmTC_7ee2b 
make[1]: ディレクトリ '/home/chikara/c++/opencv-4.5.5/OpenCV_Cppstudy/CMakeFiles/CMakeTmp' から出ます


===== END =====

